<?xml version="1.0" encoding="UTF-8"?>
<testng-results skipped="0" failed="0" ignored="0" total="1" passed="1">
  <reporter-output>
  </reporter-output>
  <suite name="Default suite" duration-ms="48108" started-at="2020-02-27T03:27:30 PST" finished-at="2020-02-27T03:28:18 PST">
    <groups>
    </groups>
    <test name="Default test" duration-ms="48108" started-at="2020-02-27T03:27:30 PST" finished-at="2020-02-27T03:28:18 PST">
      <class name="Maruti.testClass">
        <test-method status="PASS" signature="setUp()[pri:0, instance:Maruti.testClass@7b49cea0]" name="setUp" is-config="true" duration-ms="28681" started-at="2020-02-27T03:27:30 PST" finished-at="2020-02-27T03:27:59 PST">
          <reporter-output>
          </reporter-output>
        </test-method> <!-- setUp -->
        <test-method status="PASS" signature="verify()[pri:0, instance:Maruti.testClass@7b49cea0]" name="verify" duration-ms="18998" started-at="2020-02-27T03:27:59 PST" finished-at="2020-02-27T03:28:18 PST">
          <reporter-output>
          </reporter-output>
        </test-method> <!-- verify -->
        <test-method status="PASS" signature="closeBrow()[pri:0, instance:Maruti.testClass@7b49cea0]" name="closeBrow" is-config="true" duration-ms="2" started-at="2020-02-27T03:28:18 PST" finished-at="2020-02-27T03:28:18 PST">
          <reporter-output>
          </reporter-output>
        </test-method> <!-- closeBrow -->
      </class> <!-- Maruti.testClass -->
    </test> <!-- Default test -->
  </suite> <!-- Default suite -->
</testng-results>
